============================= test session starts ==============================
collecting ... collected 49 items

tests/test_portfolio_manager.py::test_risk_governor_strategy_normalization PASSED [  2%]
tests/test_portfolio_manager.py::test_drawdown_band_classifier PASSED    [  4%]
tests/test_portfolio_manager.py::test_trade_idea_R_multiple_long PASSED  [  6%]
tests/test_portfolio_manager.py::test_trade_idea_R_multiple_short PASSED [  8%]
tests/test_portfolio_manager.py::test_options_dte_watchlist_skips_longs PASSED [ 10%]
tests/test_portfolio_manager.py::test_options_pin_risk_coercion PASSED   [ 12%]
tests/test_portfolio_manager.py::test_breadth_veto PASSED                [ 14%]
tests/test_portfolio_manager.py::test_classify_stance PASSED             [ 16%]
tests/test_portfolio_manager.py::test_pacing_plan_leading_confirmed PASSED [ 18%]
tests/test_portfolio_manager.py::test_pacing_plan_lagging PASSED         [ 20%]
tests/test_portfolio_manager.py::test_lt_cliff_scan PASSED               [ 22%]
tests/test_portfolio_manager.py::test_earnings_size_modifier_2d PASSED   [ 24%]
tests/test_portfolio_manager.py::test_earnings_size_modifier_none PASSED [ 26%]
tests/test_portfolio_manager.py::test_kelly_size_passes_when_no_edge PASSED [ 28%]
tests/test_portfolio_manager.py::test_kelly_size_with_edge PASSED        [ 30%]
tests/test_portfolio_manager.py::test_cluster_id_election PASSED         [ 32%]
tests/test_portfolio_manager.py::test_liquidity_cap_throttle PASSED      [ 34%]
tests/test_portfolio_manager.py::test_liquidity_cap_under PASSED         [ 36%]
tests/test_portfolio_manager.py::test_drift_alerts PASSED                [ 38%]
tests/test_portfolio_manager.py::test_stale_quote_missing_timestamp PASSED [ 40%]
tests/test_portfolio_manager.py::test_stale_quote_fresh PASSED           [ 42%]
tests/test_portfolio_manager.py::test_circuit_breaker_opens_after_threshold PASSED [ 44%]
tests/test_portfolio_manager.py::test_trade_cost_ledger_async PASSED     [ 46%]
tests/test_portfolio_manager.py::test_position_risk_store_R_compute PASSED [ 48%]
tests/test_portfolio_manager.py::test_mock_adapter_basic_flow PASSED     [ 51%]
tests/test_portfolio_manager.py::test_mock_adapter_connect_failure PASSED [ 53%]
tests/test_portfolio_manager.py::test_mock_adapter_quote_failure PASSED  [ 55%]
tests/test_portfolio_manager.py::test_mock_adapter_disconnect_after_n PASSED [ 57%]
tests/test_portfolio_manager.py::test_tax_lot_recommend_hifo PASSED      [ 59%]
tests/test_portfolio_manager.py::test_tax_lot_recommend_fifo PASSED      [ 61%]
tests/test_portfolio_manager.py::test_on_chain_journal_idempotent PASSED [ 63%]
tests/test_portfolio_manager.py::test_on_chain_classify_liquid_stake PASSED [ 65%]
tests/test_portfolio_manager.py::test_on_chain_classify_lp PASSED        [ 67%]
tests/test_portfolio_manager.py::test_on_chain_multichain_rollup PASSED  [ 69%]
tests/test_portfolio_manager.py::test_slippage_arrival_bps_long PASSED   [ 71%]
tests/test_portfolio_manager.py::test_slippage_arrival_bps_short PASSED  [ 73%]
tests/test_portfolio_manager.py::test_slippage_record_and_rollup FAILED  [ 75%]
tests/test_portfolio_manager.py::test_settle_date_equity_t1 PASSED       [ 77%]
tests/test_portfolio_manager.py::test_settle_date_skips_weekend PASSED   [ 79%]
tests/test_portfolio_manager.py::test_settle_date_crypto_t0 PASSED       [ 81%]
tests/test_portfolio_manager.py::test_cash_view_settled_vs_unsettled PASSED [ 83%]
tests/test_portfolio_manager.py::test_order_preview_validates_inputs PASSED [ 85%]
tests/test_portfolio_manager.py::test_order_preview_market_buy PASSED    [ 87%]
tests/test_portfolio_manager.py::test_order_preview_rejected_governor PASSED [ 89%]
tests/test_portfolio_manager.py::test_backtest_replay_empty_window PASSED [ 91%]
tests/test_portfolio_manager.py::test_manual_adapter_lifecycle
